<?xml version="1.0" encoding="UTF-8"?>
<!-- Generated by org.testng.reporters.JUnitReportReporter -->
<testsuite hostname="DESKTOP-U0F91N6" failures="0" tests="1" name="Tool.Buy_item" time="10.381" errors="0" timestamp="2023-08-31T15:38:32 ICT" skipped="0">
  <testcase classname="Tool.Buy_item" name="Multi_B" time="10.381"/>
</testsuite> <!-- Tool.Buy_item -->
