<?xml version="1.0" encoding="UTF-8"?>
<!-- Generated by org.testng.reporters.JUnitReportReporter -->
<testsuite hostname="DESKTOP-U0F91N6" failures="0" tests="1" name="develop.test.TestLoginExcelData" time="9.136" errors="0" timestamp="2023-09-20T16:56:29 ICT" skipped="0">
  <testcase classname="develop.test.TestLoginExcelData" name="test1" time="9.136"/>
</testsuite> <!-- develop.test.TestLoginExcelData -->
