<?xml version="1.0" encoding="UTF-8"?>
<!-- Generated by org.testng.reporters.JUnitReportReporter -->
<testsuite hostname="DESKTOP-U0F91N6" failures="0" tests="1" name="Tool.GetUsername" time="18.153" errors="0" timestamp="2023-09-11T09:25:08 ICT" skipped="0">
  <testcase classname="Tool.GetUsername" name="Multi_B" time="18.153"/>
</testsuite> <!-- Tool.GetUsername -->
