<?xml version="1.0" encoding="UTF-8"?>
<!-- Generated by org.testng.reporters.JUnitReportReporter -->
<testsuite hostname="DESKTOP-U0F91N6" failures="0" tests="1" name="Tool.Download_flags" time="16.240" errors="0" timestamp="2023-09-13T11:23:23 ICT" skipped="0">
  <testcase classname="Tool.Download_flags" name="test1" time="16.240"/>
</testsuite> <!-- Tool.Download_flags -->
