<?xml version="1.0" encoding="UTF-8"?>
<!-- Generated by org.testng.reporters.JUnitReportReporter -->
<testsuite hostname="DESKTOP-U0F91N6" failures="0" tests="1" name="Tool.EditFlags" time="43.070" errors="0" timestamp="2023-09-12T15:08:03 ICT" skipped="0">
  <testcase classname="Tool.EditFlags" name="test1" time="43.070"/>
</testsuite> <!-- Tool.EditFlags -->
