<?xml version="1.0" encoding="UTF-8"?>
<!-- Generated by org.testng.reporters.JUnitReportReporter -->
<testsuite hostname="DESKTOP-U0F91N6" failures="0" tests="1" name="Tool.Toolcreate" time="1788.372" errors="0" timestamp="2023-08-30T14:43:22 ICT" skipped="0">
  <testcase classname="Tool.Toolcreate" name="Multi_Create" time="1788.372"/>
</testsuite> <!-- Tool.Toolcreate -->
